# JRE version: Java(TM) SE Runtime Environment (8.0_211-b12) (build 1.8.0_211-b12)
# Java VM: Java HotSpot(TM) 64-Bit Server VM (25.211-b12 mixed mode windows-amd64 compressed oops)
Heap:
 PSYoungGen      total 109056K, used 71025K [0x00000000f5580000, 0x00000000ff700000, 0x0000000100000000)
  eden space 64000K, 75% used [0x00000000f5580000,0x00000000f84b34b8,0x00000000f9400000)
  from space 45056K, 50% used [0x00000000fcb00000,0x00000000fe1292b8,0x00000000ff700000)
  to   space 50688K, 0% used [0x00000000f9400000,0x00000000f9400000,0x00000000fc580000)
 ParOldGen       total 349696K, used 261355K [0x00000000e0000000, 0x00000000f5580000, 0x00000000f5580000)
  object space 349696K, 74% used [0x00000000e0000000,0x00000000eff3ac88,0x00000000f5580000)
 Metaspace       used 102644K, capacity 107782K, committed 108544K, reserved 1142784K
  class space    used 13312K, capacity 14343K, committed 14592K, reserved 1048576K
GC Heap History (10 events):
Event: 285.155 GC heap before
{Heap before GC invocations=113 (full 5):
 PSYoungGen      total 127488K, used 126995K [0x00000000f5580000, 0x0000000100000000, 0x0000000100000000)
  eden space 88064K, 100% used [0x00000000f5580000,0x00000000fab80000,0x00000000fab80000)
  from space 39424K, 98% used [0x00000000fab80000,0x00000000fd184d50,0x00000000fd200000)
  to   space 47104K, 0% used [0x00000000fd200000,0x00000000fd200000,0x0000000100000000)
 ParOldGen       total 349696K, used 185347K [0x00000000e0000000, 0x00000000f5580000, 0x00000000f5580000)
  object space 349696K, 53% used [0x00000000e0000000,0x00000000eb500c50,0x00000000f5580000)
 Metaspace       used 97459K, capacity 102410K, committed 103552K, reserved 1138688K
  class space    used 12859K, capacity 13853K, committed 14208K, reserved 1048576K
Event: 285.166 GC heap after
Heap after GC invocations=113 (full 5):
 PSYoungGen      total 120320K, used 35221K [0x00000000f5580000, 0x0000000100000000, 0x0000000100000000)
  eden space 73216K, 0% used [0x00000000f5580000,0x00000000f5580000,0x00000000f9d00000)
  from space 47104K, 74% used [0x00000000fd200000,0x00000000ff465680,0x0000000100000000)
  to   space 50688K, 0% used [0x00000000f9d00000,0x00000000f9d00000,0x00000000fce80000)
 ParOldGen       total 349696K, used 193864K [0x00000000e0000000, 0x00000000f5580000, 0x00000000f5580000)
  object space 349696K, 55% used [0x00000000e0000000,0x00000000ebd52258,0x00000000f5580000)
 Metaspace       used 97459K, capacity 102410K, committed 103552K, reserved 1138688K
  class space    used 12859K, capacity 13853K, committed 14208K, reserved 1048576K
}
Event: 293.305 GC heap before
{Heap before GC invocations=114 (full 5):
 PSYoungGen      total 120320K, used 108437K [0x00000000f5580000, 0x0000000100000000, 0x0000000100000000)
  eden space 73216K, 100% used [0x00000000f5580000,0x00000000f9d00000,0x00000000f9d00000)
  from space 47104K, 74% used [0x00000000fd200000,0x00000000ff465680,0x0000000100000000)
  to   space 50688K, 0% used [0x00000000f9d00000,0x00000000f9d00000,0x00000000fce80000)
 ParOldGen       total 349696K, used 194192K [0x00000000e0000000, 0x00000000f5580000, 0x00000000f5580000)
  object space 349696K, 55% used [0x00000000e0000000,0x00000000ebda4148,0x00000000f5580000)
 Metaspace       used 97475K, capacity 102482K, committed 103552K, reserved 1138688K
  class space    used 12859K, capacity 13853K, committed 14208K, reserved 1048576K
Event: 293.314 GC heap after
Heap after GC invocations=114 (full 5):
 PSYoungGen      total 123904K, used 27069K [0x00000000f5580000, 0x0000000100000000, 0x0000000100000000)
  eden space 73216K, 0% used [0x00000000f5580000,0x00000000f5580000,0x00000000f9d00000)
  from space 50688K, 53% used [0x00000000f9d00000,0x00000000fb76f6b0,0x00000000fce80000)
  to   space 50176K, 0% used [0x00000000fcf00000,0x00000000fcf00000,0x0000000100000000)
 ParOldGen       total 349696K, used 202792K [0x00000000e0000000, 0x00000000f5580000, 0x00000000f5580000)
  object space 349696K, 57% used [0x00000000e0000000,0x00000000ec60a368,0x00000000f5580000)
 Metaspace       used 97475K, capacity 102482K, committed 103552K, reserved 1138688K
  class space    used 12859K, capacity 13853K, committed 14208K, reserved 1048576K
}
Event: 295.034 GC heap before
{Heap before GC invocations=115 (full 5):
 PSYoungGen      total 123904K, used 100285K [0x00000000f5580000, 0x0000000100000000, 0x0000000100000000)
  eden space 73216K, 100% used [0x00000000f5580000,0x00000000f9d00000,0x00000000f9d00000)
  from space 50688K, 53% used [0x00000000f9d00000,0x00000000fb76f6b0,0x00000000fce80000)
  to   space 50176K, 0% used [0x00000000fcf00000,0x00000000fcf00000,0x0000000100000000)
 ParOldGen       total 349696K, used 203379K [0x00000000e0000000, 0x00000000f5580000, 0x00000000f5580000)
  object space 349696K, 58% used [0x00000000e0000000,0x00000000ec69cca8,0x00000000f5580000)
 Metaspace       used 97494K, capacity 102482K, committed 103552K, reserved 1138688K
  class space    used 12860K, capacity 13853K, committed 14208K, reserved 1048576K
Event: 295.049 GC heap after
Heap after GC invocations=115 (full 5):
 PSYoungGen      total 111104K, used 44907K [0x00000000f5580000, 0x0000000100000000, 0x0000000100000000)
  eden space 60928K, 0% used [0x00000000f5580000,0x00000000f5580000,0x00000000f9100000)
  from space 50176K, 89% used [0x00000000fcf00000,0x00000000ffadad28,0x0000000100000000)
  to   space 56832K, 0% used [0x00000000f9100000,0x00000000f9100000,0x00000000fc880000)
 ParOldGen       total 349696K, used 230220K [0x00000000e0000000, 0x00000000f5580000, 0x00000000f5580000)
  object space 349696K, 65% used [0x00000000e0000000,0x00000000ee0d3378,0x00000000f5580000)
 Metaspace       used 97494K, capacity 102482K, committed 103552K, reserved 1138688K
  class space    used 12860K, capacity 13853K, committed 14208K, reserved 1048576K
}
Event: 343.121 GC heap before
{Heap before GC invocations=116 (full 5):
 PSYoungGen      total 111104K, used 105835K [0x00000000f5580000, 0x0000000100000000, 0x0000000100000000)
  eden space 60928K, 100% used [0x00000000f5580000,0x00000000f9100000,0x00000000f9100000)
  from space 50176K, 89% used [0x00000000fcf00000,0x00000000ffadad28,0x0000000100000000)
  to   space 56832K, 0% used [0x00000000f9100000,0x00000000f9100000,0x00000000fc880000)
 ParOldGen       total 349696K, used 230220K [0x00000000e0000000, 0x00000000f5580000, 0x00000000f5580000)
  object space 349696K, 65% used [0x00000000e0000000,0x00000000ee0d3378,0x00000000f5580000)
 Metaspace       used 99195K, capacity 104200K, committed 105216K, reserved 1140736K
  class space    used 13072K, capacity 14074K, committed 14336K, reserved 1048576K
Event: 343.150 GC heap after
Heap after GC invocations=116 (full 5):
 PSYoungGen      total 117760K, used 20597K [0x00000000f5580000, 0x00000000fff80000, 0x0000000100000000)
  eden space 60928K, 0% used [0x00000000f5580000,0x00000000f5580000,0x00000000f9100000)
  from space 56832K, 36% used [0x00000000f9100000,0x00000000fa51d420,0x00000000fc880000)
  to   space 53760K, 0% used [0x00000000fcb00000,0x00000000fcb00000,0x00000000fff80000)
 ParOldGen       total 349696K, used 261347K [0x00000000e0000000, 0x00000000f5580000, 0x00000000f5580000)
  object space 349696K, 74% used [0x00000000e0000000,0x00000000eff38c88,0x00000000f5580000)
 Metaspace       used 99195K, capacity 104200K, committed 105216K, reserved 1140736K
  class space    used 13072K, capacity 14074K, committed 14336K, reserved 1048576K
}
Event: 5992.361 GC heap before
{Heap before GC invocations=117 (full 5):
 PSYoungGen      total 117760K, used 81525K [0x00000000f5580000, 0x00000000fff80000, 0x0000000100000000)
  eden space 60928K, 100% used [0x00000000f5580000,0x00000000f9100000,0x00000000f9100000)
  from space 56832K, 36% used [0x00000000f9100000,0x00000000fa51d420,0x00000000fc880000)
  to   space 53760K, 0% used [0x00000000fcb00000,0x00000000fcb00000,0x00000000fff80000)
 ParOldGen       total 349696K, used 261347K [0x00000000e0000000, 0x00000000f5580000, 0x00000000f5580000)
  object space 349696K, 74% used [0x00000000e0000000,0x00000000eff38c88,0x00000000f5580000)
 Metaspace       used 102484K, capacity 107586K, committed 108544K, reserved 1142784K
  class space    used 13299K, capacity 14303K, committed 14592K, reserved 1048576K
Event: 5992.654 GC heap after
Heap after GC invocations=117 (full 5):
 PSYoungGen      total 109056K, used 22692K [0x00000000f5580000, 0x00000000ff700000, 0x0000000100000000)
  eden space 64000K, 0% used [0x00000000f5580000,0x00000000f5580000,0x00000000f9400000)
  from space 45056K, 50% used [0x00000000fcb00000,0x00000000fe1292b8,0x00000000ff700000)
  to   space 50688K, 0% used [0x00000000f9400000,0x00000000f9400000,0x00000000fc580000)
 ParOldGen       total 349696K, used 261355K [0x00000000e0000000, 0x00000000f5580000, 0x00000000f5580000)
  object space 349696K, 74% used [0x00000000e0000000,0x00000000eff3ac88,0x00000000f5580000)
 Metaspace       used 102484K, capacity 107586K, committed 108544K, reserved 1142784K
  class space    used 13299K, capacity 14303K, committed 14592K, reserved 1048576K
}

